nohup: ignoring input
2026-01-11 11:11:34.845 WARNING streamlit.runtime.scriptrunner_utils.script_run_context: Thread 'MainThread': missing ScriptRunContext! This warning can be ignored when running in bare mode.
2026-01-11 11:11:34.846 WARNING streamlit.runtime.scriptrunner_utils.script_run_context: Thread 'MainThread': missing ScriptRunContext! This warning can be ignored when running in bare mode.
2026-01-11 11:11:34.875 
  [33m[1mWarning:[0m to view this Streamlit app on a browser, run it with the following
  command:

    streamlit run /usr/local/bin/uvicorn [ARGUMENTS]
2026-01-11 11:11:34.876 Thread 'MainThread': missing ScriptRunContext! This warning can be ignored when running in bare mode.
2026-01-11 11:11:34.877 Thread 'MainThread': missing ScriptRunContext! This warning can be ignored when running in bare mode.
2026-01-11 11:11:34.877 Thread 'MainThread': missing ScriptRunContext! This warning can be ignored when running in bare mode.
2026-01-11 11:11:34.877 Thread 'MainThread': missing ScriptRunContext! This warning can be ignored when running in bare mode.
2026-01-11 11:11:34.877 Thread 'MainThread': missing ScriptRunContext! This warning can be ignored when running in bare mode.
2026-01-11 11:11:34.878 Thread 'MainThread': missing ScriptRunContext! This warning can be ignored when running in bare mode.
2026-01-11 11:11:34.878 Session state does not function when running a script without `streamlit run`
2026-01-11 11:11:34.878 Thread 'MainThread': missing ScriptRunContext! This warning can be ignored when running in bare mode.
2026-01-11 11:11:34.878 Thread 'MainThread': missing ScriptRunContext! This warning can be ignored when running in bare mode.
2026-01-11 11:11:34.878 Thread 'MainThread': missing ScriptRunContext! This warning can be ignored when running in bare mode.
2026-01-11 11:11:34.878 Thread 'MainThread': missing ScriptRunContext! This warning can be ignored when running in bare mode.
2026-01-11 11:11:34.878 Thread 'MainThread': missing ScriptRunContext! This warning can be ignored when running in bare mode.
2026-01-11 11:11:34.878 Thread 'MainThread': missing ScriptRunContext! This warning can be ignored when running in bare mode.
2026-01-11 11:11:34.879 Thread 'MainThread': missing ScriptRunContext! This warning can be ignored when running in bare mode.
2026-01-11 11:11:34.879 Thread 'MainThread': missing ScriptRunContext! This warning can be ignored when running in bare mode.
2026-01-11 11:11:34.879 Thread 'MainThread': missing ScriptRunContext! This warning can be ignored when running in bare mode.
ERROR:    Error loading ASGI app. Attribute "app" not found in module "main".
